Using pre-set license
Built from '2021.3/staging' branch; Version is '2021.3.11f1 (0a5ca18544bf) revision 679073'; Using compiler version '192829333'; Build Type 'Release'
OS: 'Windows 11  (10.0.22000) 64bit Core' Language: 'en' Physical Memory: 16235 MB
BatchMode: 1, IsHumanControllingUs: 0, StartBugReporterOnCrash: 0, Is64bit: 1, IsPro: 1

COMMAND LINE ARGUMENTS:
C:\Program Files\Unity\Hub\Editor\2021.3.11f1\Editor\Unity.exe
-adb2
-batchMode
-noUpm
-name
AssetImportWorker1
-projectPath
C:/Users/student/Downloads/AirHockeyVR/AirHockeyVR
-logFile
Logs/AssetImportWorker1.log
-srvPort
50668
Successfully changed project path to: C:/Users/student/Downloads/AirHockeyVR/AirHockeyVR
C:/Users/student/Downloads/AirHockeyVR/AirHockeyVR
[UnityMemory] Configuration Parameters - Can be set up in boot.config
    "memorysetup-bucket-allocator-granularity=16"
    "memorysetup-bucket-allocator-bucket-count=8"
    "memorysetup-bucket-allocator-block-size=33554432"
    "memorysetup-bucket-allocator-block-count=8"
    "memorysetup-main-allocator-block-size=16777216"
    "memorysetup-thread-allocator-block-size=16777216"
    "memorysetup-gfx-main-allocator-block-size=16777216"
    "memorysetup-gfx-thread-allocator-block-size=16777216"
    "memorysetup-cache-allocator-block-size=4194304"
    "memorysetup-typetree-allocator-block-size=2097152"
    "memorysetup-profiler-bucket-allocator-granularity=16"
    "memorysetup-profiler-bucket-allocator-bucket-count=8"
    "memorysetup-profiler-bucket-allocator-block-size=33554432"
    "memorysetup-profiler-bucket-allocator-block-count=8"
    "memorysetup-profiler-allocator-block-size=16777216"
    "memorysetup-profiler-editor-allocator-block-size=1048576"
    "memorysetup-temp-allocator-size-main=16777216"
    "memorysetup-job-temp-allocator-block-size=2097152"
    "memorysetup-job-temp-allocator-block-size-background=1048576"
    "memorysetup-job-temp-allocator-reduction-small-platforms=262144"
    "memorysetup-temp-allocator-size-background-worker=32768"
    "memorysetup-temp-allocator-size-job-worker=262144"
    "memorysetup-temp-allocator-size-preload-manager=33554432"
    "memorysetup-temp-allocator-size-nav-mesh-worker=65536"
    "memorysetup-temp-allocator-size-audio-worker=65536"
    "memorysetup-temp-allocator-size-cloud-worker=32768"
    "memorysetup-temp-allocator-size-gi-baking-worker=262144"
    "memorysetup-temp-allocator-size-gfx=262144"
Refreshing native plugins compatible for Editor in 164.95 ms, found 15 plugins.
Preloading 1 native plugins for Editor in 1.20 ms.
Initialize engine version: 2021.3.11f1 (0a5ca18544bf)
[Subsystems] Discovering subsystems at path C:/Program Files/Unity/Hub/Editor/2021.3.11f1/Editor/Data/Resources/UnitySubsystems
[Subsystems] Discovering subsystems at path C:/Users/student/Downloads/AirHockeyVR/AirHockeyVR/Assets
GfxDevice: creating device client; threaded=0; jobified=0
Direct3D:
    Version:  Direct3D 11.0 [level 11.1]
    Renderer: NVIDIA GeForce RTX 3060 Laptop GPU (ID=0x2560)
    Vendor:   NVIDIA
    VRAM:     6023 MB
    Driver:   30.0.15.1236
Initialize mono
Mono path[0] = 'C:/Program Files/Unity/Hub/Editor/2021.3.11f1/Editor/Data/Managed'
Mono path[1] = 'C:/Program Files/Unity/Hub/Editor/2021.3.11f1/Editor/Data/MonoBleedingEdge/lib/mono/unityjit-win32'
Mono config path = 'C:/Program Files/Unity/Hub/Editor/2021.3.11f1/Editor/Data/MonoBleedingEdge/etc'
Using monoOptions --debugger-agent=transport=dt_socket,embedding=1,server=y,suspend=n,address=127.0.0.1:56056
Begin MonoManager ReloadAssembly
Registering precompiled unity dll's ...
Register platform support module: C:/Program Files/Unity/Hub/Editor/2021.3.11f1/Editor/Data/PlaybackEngines/WindowsStandaloneSupport/UnityEditor.WindowsStandalone.Extensions.dll
Registered in 0.006147 seconds.
Native extension for WindowsStandalone target not found
Refreshing native plugins compatible for Editor in 132.95 ms, found 15 plugins.
Preloading 1 native plugins for Editor in 0.08 ms.
Mono: successfully reloaded assembly
- Completed reload, in  0.658 seconds
Domain Reload Profiling:
	ReloadAssembly (658ms)
		BeginReloadAssembly (58ms)
			ExecutionOrderSort (0ms)
			DisableScriptedObjects (0ms)
			BackupInstance (0ms)
			ReleaseScriptingObjects (0ms)
			CreateAndSetChildDomain (1ms)
		EndReloadAssembly (473ms)
			LoadAssemblies (55ms)
			RebuildTransferFunctionScriptingTraits (0ms)
			SetupTypeCache (103ms)
			ReleaseScriptCaches (0ms)
			RebuildScriptCaches (24ms)
			SetupLoadedEditorAssemblies (302ms)
				LogAssemblyErrors (0ms)
				InitializePlatformSupportModulesInManaged (6ms)
				SetLoadedEditorAssemblies (0ms)
				RefreshPlugins (133ms)
				BeforeProcessingInitializeOnLoad (1ms)
				ProcessInitializeOnLoadAttributes (124ms)
				ProcessInitializeOnLoadMethodAttributes (38ms)
				AfterProcessingInitializeOnLoad (0ms)
				EditorAssembliesLoaded (0ms)
			ExecutionOrderSort2 (0ms)
			AwakeInstancesAfterBackupRestoration (0ms)
Platform modules already initialized, skipping
Registering precompiled user dll's ...
Registered in 0.015589 seconds.
Begin MonoManager ReloadAssembly
Symbol file data-0000028054FF89A0 doesn't match image C:\Users\student\Downloads\AirHockeyVR\AirHockeyVR\Assets\Photon\PhotonLibs\netstandard2.0\Photon3Unity3D.dll
Symbol file LoadedFromMemory is not a mono symbol file
Symbol file data-00000280551A6420 doesn't match image C:\Users\student\Downloads\AirHockeyVR\AirHockeyVR\Assets\Photon\Fusion\Assemblies\Fusion.Sockets.dll
Symbol file LoadedFromMemory is not a mono symbol file
Symbol file LoadedFromMemory doesn't match image C:\Users\student\Downloads\AirHockeyVR\AirHockeyVR\Library\PackageCache\com.unity.visualscripting@1.7.8\Editor\VisualScripting.Core\Dependencies\DotNetZip\Unity.VisualScripting.IonicZip.dll
Symbol file LoadedFromMemory doesn't match image C:\Users\student\Downloads\AirHockeyVR\AirHockeyVR\Library\PackageCache\com.unity.visualscripting@1.7.8\Editor\VisualScripting.Core\Dependencies\YamlDotNet\Unity.VisualScripting.YamlDotNet.dll
Symbol file data-0000028055400880 doesn't match image C:\Users\student\Downloads\AirHockeyVR\AirHockeyVR\Assets\Photon\Fusion\Assemblies\Fusion.Common.dll
Symbol file LoadedFromMemory is not a mono symbol file
Symbol file data-000002805542B6A0 doesn't match image C:\Users\student\Downloads\AirHockeyVR\AirHockeyVR\Assets\Photon\Fusion\Assemblies\Fusion.Realtime.dll
Symbol file LoadedFromMemory is not a mono symbol file
Symbol file data-0000028055480EB0 doesn't match image C:\Users\student\Downloads\AirHockeyVR\AirHockeyVR\Assets\Photon\Fusion\Assemblies\Fusion.Runtime.dll
Symbol file LoadedFromMemory is not a mono symbol file
Native extension for WindowsStandalone target not found
Refreshing native plugins compatible for Editor in 135.59 ms, found 15 plugins.
Preloading 1 native plugins for Editor in 0.08 ms.
Package Manager log level set to [2]
Refresh completed but there are assets queued up for importing. Check for code that modifies assets which gets called after OnPostProcessAllAssets. Additional details in Log file
UnityEngine.StackTraceUtility:ExtractStackTrace ()
UnityEditor.AssetDatabase:ImportAsset (string)
Fusion.Editor.NetworkProjectConfigUtilities:EditTimeLoadGlobalConfigWrapper () (at Assets/Photon/Fusion/Scripts/Editor/Fusion.Editor.cs:10267)
Fusion.NetworkProjectConfig/Static/<>c:<Reload>b__6_0 ()
System.Lazy`1<Fusion.NetworkProjectConfigAsset>:ViaFactory (System.Threading.LazyThreadSafetyMode)
System.Lazy`1<Fusion.NetworkProjectConfigAsset>:CreateValue ()
System.Lazy`1<Fusion.NetworkProjectConfigAsset>:get_Value ()
Fusion.NetworkProjectConfig:get_Global ()
Photon.Voice.Fusion.Editor.VoiceEditorHelper:AddVoiceAsmdef () (at Assets/Photon/PhotonVoice/Code/Fusion/Editor/VoiceEditorHelper.cs:20)
Photon.Voice.Fusion.Editor.VoiceEditorHelper:.cctor () (at Assets/Photon/PhotonVoice/Code/Fusion/Editor/VoiceEditorHelper.cs:15)
System.Runtime.CompilerServices.RuntimeHelpers:RunClassConstructor (System.RuntimeTypeHandle)
UnityEditor.EditorAssemblies:ProcessInitializeOnLoadAttributes (System.Type[])

[Assets/Photon/Fusion/Scripts/Editor/Fusion.Editor.cs line 10267]

Assets queued for import after Refresh completed:
	Assets/Photon/Fusion/Resources/NetworkProjectConfig.fusion
Asset Pipeline Refresh: Total: 0.001 seconds - Initiated by StopAssetImportingV2(NoUpdateAssetOptions)
Assertion failed on expression: 'm_Ptr'
UnityEngine.StackTraceUtility:ExtractStackTrace ()
UnityEditor.AssetDatabase:ImportAsset (string)
Fusion.Editor.NetworkProjectConfigUtilities:EditTimeLoadGlobalConfigWrapper () (at Assets/Photon/Fusion/Scripts/Editor/Fusion.Editor.cs:10267)
Fusion.NetworkProjectConfig/Static/<>c:<Reload>b__6_0 ()
System.Lazy`1<Fusion.NetworkProjectConfigAsset>:ViaFactory (System.Threading.LazyThreadSafetyMode)
System.Lazy`1<Fusion.NetworkProjectConfigAsset>:CreateValue ()
System.Lazy`1<Fusion.NetworkProjectConfigAsset>:get_Value ()
Fusion.NetworkProjectConfig:get_Global ()
Photon.Voice.Fusion.Editor.VoiceEditorHelper:AddVoiceAsmdef () (at Assets/Photon/PhotonVoice/Code/Fusion/Editor/VoiceEditorHelper.cs:20)
Photon.Voice.Fusion.Editor.VoiceEditorHelper:.cctor () (at Assets/Photon/PhotonVoice/Code/Fusion/Editor/VoiceEditorHelper.cs:15)
System.Runtime.CompilerServices.RuntimeHelpers:RunClassConstructor (System.RuntimeTypeHandle)
UnityEditor.EditorAssemblies:ProcessInitializeOnLoadAttributes (System.Type[])

[Assets/Photon/Fusion/Scripts/Editor/Fusion.Editor.cs line 10267]

<color=#73ACE5>[Fusion/Config]</color> Config created/dirty during import, this is not supported
UnityEngine.StackTraceUtility:ExtractStackTrace ()
UnityEngine.DebugLogHandler:LogFormat (UnityEngine.LogType,UnityEngine.Object,string,object[])
UnityEngine.Logger:Log (UnityEngine.LogType,object)
UnityEngine.Debug:LogWarning (object)
Fusion.Editor.FusionEditorLog:WarnConfig (string) (at Assets/Photon/Fusion/Scripts/Editor/Fusion.Editor.cs:9808)
Fusion.Editor.NetworkProjectConfigUtilities:EditTimeLoadGlobalConfigWrapper () (at Assets/Photon/Fusion/Scripts/Editor/Fusion.Editor.cs:10273)
Fusion.NetworkProjectConfig/Static/<>c:<Reload>b__6_0 ()
System.Lazy`1<Fusion.NetworkProjectConfigAsset>:ViaFactory (System.Threading.LazyThreadSafetyMode)
System.Lazy`1<Fusion.NetworkProjectConfigAsset>:CreateValue ()
System.Lazy`1<Fusion.NetworkProjectConfigAsset>:get_Value ()
Fusion.NetworkProjectConfig:get_Global ()
Photon.Voice.Fusion.Editor.VoiceEditorHelper:AddVoiceAsmdef () (at Assets/Photon/PhotonVoice/Code/Fusion/Editor/VoiceEditorHelper.cs:20)
Photon.Voice.Fusion.Editor.VoiceEditorHelper:.cctor () (at Assets/Photon/PhotonVoice/Code/Fusion/Editor/VoiceEditorHelper.cs:15)
System.Runtime.CompilerServices.RuntimeHelpers:RunClassConstructor (System.RuntimeTypeHandle)
UnityEditor.EditorAssemblies:ProcessInitializeOnLoadAttributes (System.Type[])

(Filename: Assets/Photon/Fusion/Scripts/Editor/Fusion.Editor.cs Line: 9808)

System.Reflection.TargetInvocationException: Exception has been thrown by the target of an invocation. ---> System.NullReferenceException: Object reference not set to an instance of an object
  at Unity.XR.Oculus.OculusLoader.AssetPathToAbsolutePath (System.String assetPath) [0x0003d] in C:\Users\student\Downloads\AirHockeyVR\AirHockeyVR\Library\PackageCache\com.unity.xr.oculus@3.0.2\Runtime\OculusLoader.cs:271 
  at Unity.XR.Oculus.OculusLoader.EditorLoadOVRPlugin () [0x0007b] in C:\Users\student\Downloads\AirHockeyVR\AirHockeyVR\Library\PackageCache\com.unity.xr.oculus@3.0.2\Runtime\OculusLoader.cs:256 
  at (wrapper managed-to-native) System.Reflection.RuntimeMethodInfo.InternalInvoke(System.Reflection.RuntimeMethodInfo,object,object[],System.Exception&)
  at System.Reflection.RuntimeMethodInfo.Invoke (System.Object obj, System.Reflection.BindingFlags invokeAttr, System.Reflection.Binder binder, System.Object[] parameters, System.Globalization.CultureInfo culture) [0x0006a] in <9aad1b3a47484d63ba2b3985692d80e9>:0 
   --- End of inner exception stack trace ---
  at System.Reflection.RuntimeMethodInfo.Invoke (System.Object obj, System.Reflection.BindingFlags invokeAttr, System.Reflection.Binder binder, System.Object[] parameters, System.Globalization.CultureInfo culture) [0x00083] in <9aad1b3a47484d63ba2b3985692d80e9>:0 
  at System.Reflection.MethodBase.Invoke (System.Object obj, System.Object[] parameters) [0x00000] in <9aad1b3a47484d63ba2b3985692d80e9>:0 
  at UnityEditor.EditorAssemblies.ProcessInitializeOnLoadMethodAttributes () [0x000a5] in <4e64905d831f4883a53259ef37fb023b>:0 
UnityEngine.StackTraceUtility:ExtractStackTrace ()
UnityEngine.DebugLogHandler:LogFormat (UnityEngine.LogType,UnityEngine.Object,string,object[])
UnityEngine.Logger:Log (UnityEngine.LogType,object)
UnityEngine.Debug:LogError (object)
UnityEditor.EditorAssemblies:ProcessInitializeOnLoadMethodAttributes ()

Mono: successfully reloaded assembly
- Completed reload, in  1.670 seconds
Domain Reload Profiling:
	ReloadAssembly (1672ms)
		BeginReloadAssembly (110ms)
			ExecutionOrderSort (0ms)
			DisableScriptedObjects (7ms)
			BackupInstance (0ms)
			ReleaseScriptingObjects (0ms)
			CreateAndSetChildDomain (29ms)
		EndReloadAssembly (1433ms)
			LoadAssemblies (109ms)
			RebuildTransferFunctionScriptingTraits (0ms)
			SetupTypeCache (310ms)
			ReleaseScriptCaches (1ms)
			RebuildScriptCaches (74ms)
			SetupLoadedEditorAssemblies (897ms)
				LogAssemblyErrors (0ms)
				InitializePlatformSupportModulesInManaged (3ms)
				SetLoadedEditorAssemblies (0ms)
				RefreshPlugins (136ms)
				BeforeProcessingInitializeOnLoad (213ms)
				ProcessInitializeOnLoadAttributes (472ms)
				ProcessInitializeOnLoadMethodAttributes (67ms)
				AfterProcessingInitializeOnLoad (5ms)
				EditorAssembliesLoaded (0ms)
			ExecutionOrderSort2 (0ms)
			AwakeInstancesAfterBackupRestoration (6ms)
Platform modules already initialized, skipping
========================================================================
Worker process is ready to serve import requests
Launched and connected shader compiler UnityShaderCompiler.exe after 0.05 seconds
Refreshing native plugins compatible for Editor in 1.47 ms, found 15 plugins.
Preloading 1 native plugins for Editor in 0.07 ms.
Unloading 6701 Unused Serialized files (Serialized files now loaded: 0)
Unloading 130 unused Assets / (2.0 MB). Loaded Objects now: 7122.
Memory consumption went from 294.0 MB to 292.0 MB.
Total: 4.540700 ms (FindLiveObjects: 0.506300 ms CreateObjectMapping: 0.305700 ms MarkObjects: 3.133500 ms  DeleteObjects: 0.589300 ms)

AssetImportParameters requested are different than current active one (requested -> active):
  custom:video-decoder-ogg-theora: a1e56fd34408186e4bbccfd4996cb3dc -> 
  custom:container-muxer-webm: aa71ff27fc2769a1b78a27578f13a17b -> 
  custom:container-demuxer-webm: 4f35f7cbe854078d1ac9338744f61a02 -> 
  custom:FusionILWeaverTriggerImporter/ConfigHash: 841ae3c624cefb6ec2fa1ff7f4c36f56 -> 
  custom:video-encoder-webm-vp8: eb34c28f22e8b96e1ab97ce403110664 -> 
  custom:video-codec-MediaFoundation-h265: 746d11721c4dcdbdad8f713fa42b33f4 -> 
  custom:audio-encoder-webm-vorbis: bf7c407c2cedff20999df2af8eb42d56 -> 
  custom:framework-win-MediaFoundation: 216162199b28c13a410421893ffa2e32 -> 
  custom:container-demuxer-ogg: 62fdf1f143b41e24485cea50d1cbac27 -> 
  custom:video-decoder-webm-vp8: 9c59270c3fd7afecdb556c50c9e8de78 -> 
  custom:audio-decoder-ogg-vorbis: bf7c407c2cedff20999df2af8eb42d56 -> 
========================================================================
Received Import Request.
  Time since last request: 79571.046281 seconds.
  path: Assets/_PoiyomiShaders/Textures/Fur/Fur (1).png
  artifactKey: Guid(6dd6638e8d91f324383b214a129f143d) Importer(815301076,1909f56bfc062723c751e8b465ee728b)
Start importing Assets/_PoiyomiShaders/Textures/Fur/Fur (1).png using Guid(6dd6638e8d91f324383b214a129f143d) Importer(815301076,1909f56bfc062723c751e8b465ee728b)  -> (artifact id: '428344f99212028668b48e4d94c8ed44') in 0.202330 seconds 
========================================================================
Received Import Request.
  Time since last request: 0.000070 seconds.
  path: Assets/_PoiyomiShaders/Textures/Matcaps/T_Matcap_MC (1).jpg
  artifactKey: Guid(22e746c3d444b3c43b687229e8263cfc) Importer(815301076,1909f56bfc062723c751e8b465ee728b)
Start importing Assets/_PoiyomiShaders/Textures/Matcaps/T_Matcap_MC (1).jpg using Guid(22e746c3d444b3c43b687229e8263cfc) Importer(815301076,1909f56bfc062723c751e8b465ee728b)  -> (artifact id: '4792023ef969e2b0462e8d1750fd8db1') in 0.037624 seconds 
========================================================================
Received Import Request.
  Time since last request: 0.000050 seconds.
  path: Assets/_PoiyomiShaders/Textures/Matcaps/T_Matcap_MC (1).png
  artifactKey: Guid(3dbb3be39df7e7c4eac60386a0f67ea8) Importer(815301076,1909f56bfc062723c751e8b465ee728b)
Start importing Assets/_PoiyomiShaders/Textures/Matcaps/T_Matcap_MC (1).png using Guid(3dbb3be39df7e7c4eac60386a0f67ea8) Importer(815301076,1909f56bfc062723c751e8b465ee728b)  -> (artifact id: 'd1896f09afff29fe6b235f3573fcfdec') in 0.061418 seconds 
========================================================================
Received Import Request.
  Time since last request: 49.567605 seconds.
  path: Packages/com.unity.learn.iet-framework/Editor/UI/Images/Tutorials/Icons/EditColors@2x.png
  artifactKey: Guid(89020edcc6615404493802900ed04b05) Importer(815301076,1909f56bfc062723c751e8b465ee728b)
Start importing Packages/com.unity.learn.iet-framework/Editor/UI/Images/Tutorials/Icons/EditColors@2x.png using Guid(89020edcc6615404493802900ed04b05) Importer(815301076,1909f56bfc062723c751e8b465ee728b)  -> (artifact id: '6a95589ac5bb5861a4229ffa8d7d6c3f') in 0.047937 seconds 
========================================================================
Received Import Request.
  Time since last request: 0.000053 seconds.
  path: Packages/com.unity.learn.iet-framework/Editor/UI/Images/Tutorials/Icons/EditColors.png
  artifactKey: Guid(a048dbbd2a1d14858a3d6a35a462a637) Importer(815301076,1909f56bfc062723c751e8b465ee728b)
Start importing Packages/com.unity.learn.iet-framework/Editor/UI/Images/Tutorials/Icons/EditColors.png using Guid(a048dbbd2a1d14858a3d6a35a462a637) Importer(815301076,1909f56bfc062723c751e8b465ee728b)  -> (artifact id: '03335f5f53fabaa44320e3502ffea26a') in 0.035534 seconds 
========================================================================
Received Import Request.
  Time since last request: 0.945565 seconds.
  path: Packages/com.unity.collab-proxy/Editor/PlasticSCM/Assets/Images/d_iconcheckedoutlocaloverlay@2x.png
  artifactKey: Guid(8d98ab6168c3e91439339f1908b8fe97) Importer(815301076,1909f56bfc062723c751e8b465ee728b)
Start importing Packages/com.unity.collab-proxy/Editor/PlasticSCM/Assets/Images/d_iconcheckedoutlocaloverlay@2x.png using Guid(8d98ab6168c3e91439339f1908b8fe97) Importer(815301076,1909f56bfc062723c751e8b465ee728b)  -> (artifact id: 'f81f957def3be45f95daf992b6eedb85') in 0.114206 seconds 
========================================================================
Received Import Request.
  Time since last request: 0.000209 seconds.
  path: Packages/com.unity.collab-proxy/Editor/Collaborate/Assets/Icons/collaborate-available-changes-dark@2x.png
  artifactKey: Guid(1a2cea5a396ff5d4a8f740bd5d8726b0) Importer(815301076,1909f56bfc062723c751e8b465ee728b)
Start importing Packages/com.unity.collab-proxy/Editor/Collaborate/Assets/Icons/collaborate-available-changes-dark@2x.png using Guid(1a2cea5a396ff5d4a8f740bd5d8726b0) Importer(815301076,1909f56bfc062723c751e8b465ee728b)  -> (artifact id: '525a332a8a5a0a740693ec9eb306e2d6') in 0.042445 seconds 
Editor requested this worker to shutdown with reason: Scaling down because of idle timeout
AssetImportWorker is now disconnected from the server
Process exiting
Exiting without the bug reporter. Application will terminate with return code 0