Using pre-set license
Built from '2021.3/staging' branch; Version is '2021.3.11f1 (0a5ca18544bf) revision 679073'; Using compiler version '192829333'; Build Type 'Release'
OS: 'Windows 11  (10.0.22000) 64bit Core' Language: 'en' Physical Memory: 16235 MB
BatchMode: 1, IsHumanControllingUs: 0, StartBugReporterOnCrash: 0, Is64bit: 1, IsPro: 1

COMMAND LINE ARGUMENTS:
C:\Program Files\Unity\Hub\Editor\2021.3.11f1\Editor\Unity.exe
-adb2
-batchMode
-noUpm
-name
AssetImportWorker2
-projectPath
C:/Users/student/Downloads/AirHockeyVR/AirHockeyVR
-logFile
Logs/AssetImportWorker2.log
-srvPort
50668
Successfully changed project path to: C:/Users/student/Downloads/AirHockeyVR/AirHockeyVR
C:/Users/student/Downloads/AirHockeyVR/AirHockeyVR
[UnityMemory] Configuration Parameters - Can be set up in boot.config
    "memorysetup-bucket-allocator-granularity=16"
    "memorysetup-bucket-allocator-bucket-count=8"
    "memorysetup-bucket-allocator-block-size=33554432"
    "memorysetup-bucket-allocator-block-count=8"
    "memorysetup-main-allocator-block-size=16777216"
    "memorysetup-thread-allocator-block-size=16777216"
    "memorysetup-gfx-main-allocator-block-size=16777216"
    "memorysetup-gfx-thread-allocator-block-size=16777216"
    "memorysetup-cache-allocator-block-size=4194304"
    "memorysetup-typetree-allocator-block-size=2097152"
    "memorysetup-profiler-bucket-allocator-granularity=16"
    "memorysetup-profiler-bucket-allocator-bucket-count=8"
    "memorysetup-profiler-bucket-allocator-block-size=33554432"
    "memorysetup-profiler-bucket-allocator-block-count=8"
    "memorysetup-profiler-allocator-block-size=16777216"
    "memorysetup-profiler-editor-allocator-block-size=1048576"
    "memorysetup-temp-allocator-size-main=16777216"
    "memorysetup-job-temp-allocator-block-size=2097152"
    "memorysetup-job-temp-allocator-block-size-background=1048576"
    "memorysetup-job-temp-allocator-reduction-small-platforms=262144"
    "memorysetup-temp-allocator-size-background-worker=32768"
    "memorysetup-temp-allocator-size-job-worker=262144"
    "memorysetup-temp-allocator-size-preload-manager=33554432"
    "memorysetup-temp-allocator-size-nav-mesh-worker=65536"
    "memorysetup-temp-allocator-size-audio-worker=65536"
    "memorysetup-temp-allocator-size-cloud-worker=32768"
    "memorysetup-temp-allocator-size-gi-baking-worker=262144"
    "memorysetup-temp-allocator-size-gfx=262144"
Refreshing native plugins compatible for Editor in 202.95 ms, found 15 plugins.
Preloading 1 native plugins for Editor in 0.79 ms.
Initialize engine version: 2021.3.11f1 (0a5ca18544bf)
[Subsystems] Discovering subsystems at path C:/Program Files/Unity/Hub/Editor/2021.3.11f1/Editor/Data/Resources/UnitySubsystems
[Subsystems] Discovering subsystems at path C:/Users/student/Downloads/AirHockeyVR/AirHockeyVR/Assets
GfxDevice: creating device client; threaded=0; jobified=0
Direct3D:
    Version:  Direct3D 11.0 [level 11.1]
    Renderer: NVIDIA GeForce RTX 3060 Laptop GPU (ID=0x2560)
    Vendor:   NVIDIA
    VRAM:     6023 MB
    Driver:   30.0.15.1236
Initialize mono
Mono path[0] = 'C:/Program Files/Unity/Hub/Editor/2021.3.11f1/Editor/Data/Managed'
Mono path[1] = 'C:/Program Files/Unity/Hub/Editor/2021.3.11f1/Editor/Data/MonoBleedingEdge/lib/mono/unityjit-win32'
Mono config path = 'C:/Program Files/Unity/Hub/Editor/2021.3.11f1/Editor/Data/MonoBleedingEdge/etc'
Using monoOptions --debugger-agent=transport=dt_socket,embedding=1,server=y,suspend=n,address=127.0.0.1:56152
Begin MonoManager ReloadAssembly
Registering precompiled unity dll's ...
Register platform support module: C:/Program Files/Unity/Hub/Editor/2021.3.11f1/Editor/Data/PlaybackEngines/WindowsStandaloneSupport/UnityEditor.WindowsStandalone.Extensions.dll
Registered in 0.002906 seconds.
Native extension for WindowsStandalone target not found
Refreshing native plugins compatible for Editor in 147.86 ms, found 15 plugins.
Preloading 1 native plugins for Editor in 0.11 ms.
Mono: successfully reloaded assembly
- Completed reload, in  0.658 seconds
Domain Reload Profiling:
	ReloadAssembly (659ms)
		BeginReloadAssembly (62ms)
			ExecutionOrderSort (0ms)
			DisableScriptedObjects (0ms)
			BackupInstance (0ms)
			ReleaseScriptingObjects (0ms)
			CreateAndSetChildDomain (1ms)
		EndReloadAssembly (507ms)
			LoadAssemblies (61ms)
			RebuildTransferFunctionScriptingTraits (0ms)
			SetupTypeCache (107ms)
			ReleaseScriptCaches (0ms)
			RebuildScriptCaches (23ms)
			SetupLoadedEditorAssemblies (327ms)
				LogAssemblyErrors (0ms)
				InitializePlatformSupportModulesInManaged (8ms)
				SetLoadedEditorAssemblies (0ms)
				RefreshPlugins (148ms)
				BeforeProcessingInitializeOnLoad (1ms)
				ProcessInitializeOnLoadAttributes (134ms)
				ProcessInitializeOnLoadMethodAttributes (35ms)
				AfterProcessingInitializeOnLoad (0ms)
				EditorAssembliesLoaded (0ms)
			ExecutionOrderSort2 (0ms)
			AwakeInstancesAfterBackupRestoration (0ms)
Platform modules already initialized, skipping
Registering precompiled user dll's ...
Registered in 0.012574 seconds.
Begin MonoManager ReloadAssembly
Symbol file data-000002A7B8A2E1B0 doesn't match image C:\Users\student\Downloads\AirHockeyVR\AirHockeyVR\Assets\Photon\PhotonLibs\netstandard2.0\Photon3Unity3D.dll
Symbol file LoadedFromMemory is not a mono symbol file
Symbol file data-000002A7B8BD3C20 doesn't match image C:\Users\student\Downloads\AirHockeyVR\AirHockeyVR\Assets\Photon\Fusion\Assemblies\Fusion.Sockets.dll
Symbol file LoadedFromMemory is not a mono symbol file
Symbol file LoadedFromMemory doesn't match image C:\Users\student\Downloads\AirHockeyVR\AirHockeyVR\Library\PackageCache\com.unity.visualscripting@1.7.8\Editor\VisualScripting.Core\Dependencies\DotNetZip\Unity.VisualScripting.IonicZip.dll
Symbol file LoadedFromMemory doesn't match image C:\Users\student\Downloads\AirHockeyVR\AirHockeyVR\Library\PackageCache\com.unity.visualscripting@1.7.8\Editor\VisualScripting.Core\Dependencies\YamlDotNet\Unity.VisualScripting.YamlDotNet.dll
Symbol file data-000002A7B8E2CB90 doesn't match image C:\Users\student\Downloads\AirHockeyVR\AirHockeyVR\Assets\Photon\Fusion\Assemblies\Fusion.Common.dll
Symbol file LoadedFromMemory is not a mono symbol file
Symbol file data-000002A7B8E579B0 doesn't match image C:\Users\student\Downloads\AirHockeyVR\AirHockeyVR\Assets\Photon\Fusion\Assemblies\Fusion.Realtime.dll
Symbol file LoadedFromMemory is not a mono symbol file
Symbol file data-000002A7B8F39DD0 doesn't match image C:\Users\student\Downloads\AirHockeyVR\AirHockeyVR\Assets\Photon\Fusion\Assemblies\Fusion.Runtime.dll
Symbol file LoadedFromMemory is not a mono symbol file
Native extension for WindowsStandalone target not found
Refreshing native plugins compatible for Editor in 127.36 ms, found 15 plugins.
Preloading 1 native plugins for Editor in 0.06 ms.
Package Manager log level set to [2]
Refresh completed but there are assets queued up for importing. Check for code that modifies assets which gets called after OnPostProcessAllAssets. Additional details in Log file
UnityEngine.StackTraceUtility:ExtractStackTrace ()
UnityEditor.AssetDatabase:ImportAsset (string)
Fusion.Editor.NetworkProjectConfigUtilities:EditTimeLoadGlobalConfigWrapper () (at Assets/Photon/Fusion/Scripts/Editor/Fusion.Editor.cs:10267)
Fusion.NetworkProjectConfig/Static/<>c:<Reload>b__6_0 ()
System.Lazy`1<Fusion.NetworkProjectConfigAsset>:ViaFactory (System.Threading.LazyThreadSafetyMode)
System.Lazy`1<Fusion.NetworkProjectConfigAsset>:CreateValue ()
System.Lazy`1<Fusion.NetworkProjectConfigAsset>:get_Value ()
Fusion.NetworkProjectConfig:get_Global ()
Photon.Voice.Fusion.Editor.VoiceEditorHelper:AddVoiceAsmdef () (at Assets/Photon/PhotonVoice/Code/Fusion/Editor/VoiceEditorHelper.cs:20)
Photon.Voice.Fusion.Editor.VoiceEditorHelper:.cctor () (at Assets/Photon/PhotonVoice/Code/Fusion/Editor/VoiceEditorHelper.cs:15)
System.Runtime.CompilerServices.RuntimeHelpers:RunClassConstructor (System.RuntimeTypeHandle)
UnityEditor.EditorAssemblies:ProcessInitializeOnLoadAttributes (System.Type[])

[Assets/Photon/Fusion/Scripts/Editor/Fusion.Editor.cs line 10267]

Assets queued for import after Refresh completed:
	Assets/Photon/Fusion/Resources/NetworkProjectConfig.fusion
Asset Pipeline Refresh: Total: 0.001 seconds - Initiated by StopAssetImportingV2(NoUpdateAssetOptions)
Assertion failed on expression: 'm_Ptr'
UnityEngine.StackTraceUtility:ExtractStackTrace ()
UnityEditor.AssetDatabase:ImportAsset (string)
Fusion.Editor.NetworkProjectConfigUtilities:EditTimeLoadGlobalConfigWrapper () (at Assets/Photon/Fusion/Scripts/Editor/Fusion.Editor.cs:10267)
Fusion.NetworkProjectConfig/Static/<>c:<Reload>b__6_0 ()
System.Lazy`1<Fusion.NetworkProjectConfigAsset>:ViaFactory (System.Threading.LazyThreadSafetyMode)
System.Lazy`1<Fusion.NetworkProjectConfigAsset>:CreateValue ()
System.Lazy`1<Fusion.NetworkProjectConfigAsset>:get_Value ()
Fusion.NetworkProjectConfig:get_Global ()
Photon.Voice.Fusion.Editor.VoiceEditorHelper:AddVoiceAsmdef () (at Assets/Photon/PhotonVoice/Code/Fusion/Editor/VoiceEditorHelper.cs:20)
Photon.Voice.Fusion.Editor.VoiceEditorHelper:.cctor () (at Assets/Photon/PhotonVoice/Code/Fusion/Editor/VoiceEditorHelper.cs:15)
System.Runtime.CompilerServices.RuntimeHelpers:RunClassConstructor (System.RuntimeTypeHandle)
UnityEditor.EditorAssemblies:ProcessInitializeOnLoadAttributes (System.Type[])

[Assets/Photon/Fusion/Scripts/Editor/Fusion.Editor.cs line 10267]

<color=#73ACE5>[Fusion/Config]</color> Config created/dirty during import, this is not supported
UnityEngine.StackTraceUtility:ExtractStackTrace ()
UnityEngine.DebugLogHandler:LogFormat (UnityEngine.LogType,UnityEngine.Object,string,object[])
UnityEngine.Logger:Log (UnityEngine.LogType,object)
UnityEngine.Debug:LogWarning (object)
Fusion.Editor.FusionEditorLog:WarnConfig (string) (at Assets/Photon/Fusion/Scripts/Editor/Fusion.Editor.cs:9808)
Fusion.Editor.NetworkProjectConfigUtilities:EditTimeLoadGlobalConfigWrapper () (at Assets/Photon/Fusion/Scripts/Editor/Fusion.Editor.cs:10273)
Fusion.NetworkProjectConfig/Static/<>c:<Reload>b__6_0 ()
System.Lazy`1<Fusion.NetworkProjectConfigAsset>:ViaFactory (System.Threading.LazyThreadSafetyMode)
System.Lazy`1<Fusion.NetworkProjectConfigAsset>:CreateValue ()
System.Lazy`1<Fusion.NetworkProjectConfigAsset>:get_Value ()
Fusion.NetworkProjectConfig:get_Global ()
Photon.Voice.Fusion.Editor.VoiceEditorHelper:AddVoiceAsmdef () (at Assets/Photon/PhotonVoice/Code/Fusion/Editor/VoiceEditorHelper.cs:20)
Photon.Voice.Fusion.Editor.VoiceEditorHelper:.cctor () (at Assets/Photon/PhotonVoice/Code/Fusion/Editor/VoiceEditorHelper.cs:15)
System.Runtime.CompilerServices.RuntimeHelpers:RunClassConstructor (System.RuntimeTypeHandle)
UnityEditor.EditorAssemblies:ProcessInitializeOnLoadAttributes (System.Type[])

(Filename: Assets/Photon/Fusion/Scripts/Editor/Fusion.Editor.cs Line: 9808)

System.Reflection.TargetInvocationException: Exception has been thrown by the target of an invocation. ---> System.NullReferenceException: Object reference not set to an instance of an object
  at Unity.XR.Oculus.OculusLoader.AssetPathToAbsolutePath (System.String assetPath) [0x0003d] in C:\Users\student\Downloads\AirHockeyVR\AirHockeyVR\Library\PackageCache\com.unity.xr.oculus@3.0.2\Runtime\OculusLoader.cs:271 
  at Unity.XR.Oculus.OculusLoader.EditorLoadOVRPlugin () [0x0007b] in C:\Users\student\Downloads\AirHockeyVR\AirHockeyVR\Library\PackageCache\com.unity.xr.oculus@3.0.2\Runtime\OculusLoader.cs:256 
  at (wrapper managed-to-native) System.Reflection.RuntimeMethodInfo.InternalInvoke(System.Reflection.RuntimeMethodInfo,object,object[],System.Exception&)
  at System.Reflection.RuntimeMethodInfo.Invoke (System.Object obj, System.Reflection.BindingFlags invokeAttr, System.Reflection.Binder binder, System.Object[] parameters, System.Globalization.CultureInfo culture) [0x0006a] in <9aad1b3a47484d63ba2b3985692d80e9>:0 
   --- End of inner exception stack trace ---
  at System.Reflection.RuntimeMethodInfo.Invoke (System.Object obj, System.Reflection.BindingFlags invokeAttr, System.Reflection.Binder binder, System.Object[] parameters, System.Globalization.CultureInfo culture) [0x00083] in <9aad1b3a47484d63ba2b3985692d80e9>:0 
  at System.Reflection.MethodBase.Invoke (System.Object obj, System.Object[] parameters) [0x00000] in <9aad1b3a47484d63ba2b3985692d80e9>:0 
  at UnityEditor.EditorAssemblies.ProcessInitializeOnLoadMethodAttributes () [0x000a5] in <4e64905d831f4883a53259ef37fb023b>:0 
UnityEngine.StackTraceUtility:ExtractStackTrace ()
UnityEngine.DebugLogHandler:LogFormat (UnityEngine.LogType,UnityEngine.Object,string,object[])
UnityEngine.Logger:Log (UnityEngine.LogType,object)
UnityEngine.Debug:LogError (object)
UnityEditor.EditorAssemblies:ProcessInitializeOnLoadMethodAttributes ()

Mono: successfully reloaded assembly
- Completed reload, in  1.705 seconds
Domain Reload Profiling:
	ReloadAssembly (1705ms)
		BeginReloadAssembly (105ms)
			ExecutionOrderSort (0ms)
			DisableScriptedObjects (4ms)
			BackupInstance (0ms)
			ReleaseScriptingObjects (1ms)
			CreateAndSetChildDomain (26ms)
		EndReloadAssembly (1491ms)
			LoadAssemblies (96ms)
			RebuildTransferFunctionScriptingTraits (0ms)
			SetupTypeCache (356ms)
			ReleaseScriptCaches (1ms)
			RebuildScriptCaches (72ms)
			SetupLoadedEditorAssemblies (915ms)
				LogAssemblyErrors (0ms)
				InitializePlatformSupportModulesInManaged (3ms)
				SetLoadedEditorAssemblies (0ms)
				RefreshPlugins (128ms)
				BeforeProcessingInitializeOnLoad (250ms)
				ProcessInitializeOnLoadAttributes (482ms)
				ProcessInitializeOnLoadMethodAttributes (48ms)
				AfterProcessingInitializeOnLoad (4ms)
				EditorAssembliesLoaded (0ms)
			ExecutionOrderSort2 (0ms)
			AwakeInstancesAfterBackupRestoration (4ms)
Platform modules already initialized, skipping
========================================================================
Worker process is ready to serve import requests
Launched and connected shader compiler UnityShaderCompiler.exe after 0.06 seconds
Refreshing native plugins compatible for Editor in 2.27 ms, found 15 plugins.
Preloading 1 native plugins for Editor in 0.11 ms.
Unloading 6701 Unused Serialized files (Serialized files now loaded: 0)
Unloading 130 unused Assets / (2.0 MB). Loaded Objects now: 7122.
Memory consumption went from 294.0 MB to 292.0 MB.
Total: 4.807600 ms (FindLiveObjects: 0.636500 ms CreateObjectMapping: 0.354700 ms MarkObjects: 3.137300 ms  DeleteObjects: 0.678000 ms)

AssetImportParameters requested are different than current active one (requested -> active):
  custom:video-decoder-ogg-theora: a1e56fd34408186e4bbccfd4996cb3dc -> 
  custom:container-muxer-webm: aa71ff27fc2769a1b78a27578f13a17b -> 
  custom:container-demuxer-webm: 4f35f7cbe854078d1ac9338744f61a02 -> 
  custom:FusionILWeaverTriggerImporter/ConfigHash: 841ae3c624cefb6ec2fa1ff7f4c36f56 -> 
  custom:video-encoder-webm-vp8: eb34c28f22e8b96e1ab97ce403110664 -> 
  custom:video-codec-MediaFoundation-h265: 746d11721c4dcdbdad8f713fa42b33f4 -> 
  custom:audio-encoder-webm-vorbis: bf7c407c2cedff20999df2af8eb42d56 -> 
  custom:framework-win-MediaFoundation: 216162199b28c13a410421893ffa2e32 -> 
  custom:container-demuxer-ogg: 62fdf1f143b41e24485cea50d1cbac27 -> 
  custom:video-decoder-webm-vp8: 9c59270c3fd7afecdb556c50c9e8de78 -> 
  custom:audio-decoder-ogg-vorbis: bf7c407c2cedff20999df2af8eb42d56 -> 
========================================================================
Received Import Request.
  Time since last request: 79620.947136 seconds.
  path: Packages/com.unity.collab-proxy/Editor/Collaborate/Assets/Icons/edited-file-dark@2x.png
  artifactKey: Guid(cdf2b54d520524c418aed1dc00eec185) Importer(815301076,1909f56bfc062723c751e8b465ee728b)
Start importing Packages/com.unity.collab-proxy/Editor/Collaborate/Assets/Icons/edited-file-dark@2x.png using Guid(cdf2b54d520524c418aed1dc00eec185) Importer(815301076,1909f56bfc062723c751e8b465ee728b)  -> (artifact id: '05d0aa6d896a4a552a991323dd1fe856') in 0.167755 seconds 
========================================================================
Received Import Request.
  Time since last request: 0.884602 seconds.
  path: Packages/com.unity.inputsystem/InputSystem/Editor/Icons/d_Orientation@4x.png
  artifactKey: Guid(de98baf415a2c4d7dbe0de74cb6e171c) Importer(815301076,1909f56bfc062723c751e8b465ee728b)
Start importing Packages/com.unity.inputsystem/InputSystem/Editor/Icons/d_Orientation@4x.png using Guid(de98baf415a2c4d7dbe0de74cb6e171c) Importer(815301076,1909f56bfc062723c751e8b465ee728b)  -> (artifact id: 'bfba8a1c60619392fde89759b13e7d4e') in 0.050712 seconds 
========================================================================
Received Import Request.
  Time since last request: 0.000035 seconds.
  path: Packages/com.unity.learn.iet-framework/Editor/UI/Images/Icons/Close.png
  artifactKey: Guid(0768ee0d3bc984ef3ba50d3e93d4480c) Importer(815301076,1909f56bfc062723c751e8b465ee728b)
Start importing Packages/com.unity.learn.iet-framework/Editor/UI/Images/Icons/Close.png using Guid(0768ee0d3bc984ef3ba50d3e93d4480c) Importer(815301076,1909f56bfc062723c751e8b465ee728b)  -> (artifact id: '6f3135993bb31dd748434fdb23cbe073') in 0.033902 seconds 
========================================================================
Received Import Request.
  Time since last request: 0.000055 seconds.
  path: Packages/com.unity.collab-proxy/Editor/Collaborate/Assets/Icons/collaborate-available-changes-light@2x.png
  artifactKey: Guid(8478a99d8fb61c94ba938c3034d449c6) Importer(815301076,1909f56bfc062723c751e8b465ee728b)
Start importing Packages/com.unity.collab-proxy/Editor/Collaborate/Assets/Icons/collaborate-available-changes-light@2x.png using Guid(8478a99d8fb61c94ba938c3034d449c6) Importer(815301076,1909f56bfc062723c751e8b465ee728b)  -> (artifact id: '31b8fe438dc63d8107ff896ddc4eb7ad') in 0.035523 seconds 
========================================================================
Received Import Request.
  Time since last request: 0.000058 seconds.
  path: Packages/com.unity.collab-proxy/Editor/Collaborate/Assets/Icons/collaborate-available-changes-light.png
  artifactKey: Guid(c27f4e1f2b76b2f45b48df65c02ba338) Importer(815301076,1909f56bfc062723c751e8b465ee728b)
Start importing Packages/com.unity.collab-proxy/Editor/Collaborate/Assets/Icons/collaborate-available-changes-light.png using Guid(c27f4e1f2b76b2f45b48df65c02ba338) Importer(815301076,1909f56bfc062723c751e8b465ee728b)  -> (artifact id: '3dafca4ef59573fc54b9f59616fdb176') in 0.030905 seconds 
========================================================================
Received Import Request.
  Time since last request: 104.314552 seconds.
  path: Assets/Materials/BestColor.mat
  artifactKey: Guid(c1faa384cb42a8c4f92b815e0ba4589e) Importer(815301076,1909f56bfc062723c751e8b465ee728b)
Start importing Assets/Materials/BestColor.mat using Guid(c1faa384cb42a8c4f92b815e0ba4589e) Importer(815301076,1909f56bfc062723c751e8b465ee728b)  -> (artifact id: 'd065b18c45916aece23bf4cbac394854') in 0.150073 seconds 
========================================================================
Received Import Request.
  Time since last request: 0.000045 seconds.
  path: Assets/Materials/Ground.mat
  artifactKey: Guid(1cc1654c8339b044399fd061e6440f86) Importer(815301076,1909f56bfc062723c751e8b465ee728b)
Start importing Assets/Materials/Ground.mat using Guid(1cc1654c8339b044399fd061e6440f86) Importer(815301076,1909f56bfc062723c751e8b465ee728b)  -> (artifact id: 'dcedf2b0e2d0adc7b88c8b731fdcf579') in 0.040691 seconds 
========================================================================
Received Import Request.
  Time since last request: 145.783212 seconds.
  path: Assets/ImpotetAssets/DefaultMaterial_Height.png
  artifactKey: Guid(3b2aa1672d8c2184890b10fb51b88e64) Importer(815301076,1909f56bfc062723c751e8b465ee728b)
Start importing Assets/ImpotetAssets/DefaultMaterial_Height.png using Guid(3b2aa1672d8c2184890b10fb51b88e64) Importer(815301076,1909f56bfc062723c751e8b465ee728b)  -> (artifact id: 'd4035588b71fcb76f07dcdab895bf66e') in 0.108671 seconds 
========================================================================
Received Import Request.
  Time since last request: 0.000055 seconds.
  path: Assets/ImpotetAssets/DefaultMaterial_Mixed_AO.png
  artifactKey: Guid(80febf7d79943694a9a6538bc2128ccb) Importer(815301076,1909f56bfc062723c751e8b465ee728b)
Start importing Assets/ImpotetAssets/DefaultMaterial_Mixed_AO.png using Guid(80febf7d79943694a9a6538bc2128ccb) Importer(815301076,1909f56bfc062723c751e8b465ee728b)  -> (artifact id: '7467f402d4671668c9acd226396e23a4') in 0.115359 seconds 
========================================================================
Received Import Request.
  Time since last request: 0.000050 seconds.
  path: Assets/ImpotetAssets/DefaultMaterial_Normal.png
  artifactKey: Guid(ffa5ba100687a3842b8f673689d7b35c) Importer(815301076,1909f56bfc062723c751e8b465ee728b)
Start importing Assets/ImpotetAssets/DefaultMaterial_Normal.png using Guid(ffa5ba100687a3842b8f673689d7b35c) Importer(815301076,1909f56bfc062723c751e8b465ee728b)  -> (artifact id: '97082f677984da3ba393f2d0d9f7674a') in 0.023508 seconds 
========================================================================
Received Import Request.
  Time since last request: 50.116087 seconds.
  path: Assets/ImpotetAssets/Stylized Marble Textures/Hand/Textures/DefaultMaterial_Base_color.png
  artifactKey: Guid(89cfa7cee6ba87f4a8beff3f8906a02d) Importer(815301076,1909f56bfc062723c751e8b465ee728b)
Start importing Assets/ImpotetAssets/Stylized Marble Textures/Hand/Textures/DefaultMaterial_Base_color.png using Guid(89cfa7cee6ba87f4a8beff3f8906a02d) Importer(815301076,1909f56bfc062723c751e8b465ee728b)  -> (artifact id: 'b2ab75ac0ba1194466ed8dae17dcf267') in 0.025986 seconds 
========================================================================
Received Import Request.
  Time since last request: 0.000053 seconds.
  path: Assets/ImpotetAssets/Stylized Marble Textures/Hand/Textures/DefaultMaterial_Normal_DirectX.png
  artifactKey: Guid(9c083dbc0932c3c4f843f98662b7a5ba) Importer(815301076,1909f56bfc062723c751e8b465ee728b)
Start importing Assets/ImpotetAssets/Stylized Marble Textures/Hand/Textures/DefaultMaterial_Normal_DirectX.png using Guid(9c083dbc0932c3c4f843f98662b7a5ba) Importer(815301076,1909f56bfc062723c751e8b465ee728b)  -> (artifact id: '27cfa73781328dae95bd3d8b33f97c11') in 0.020255 seconds 
========================================================================
Received Import Request.
  Time since last request: 0.000059 seconds.
  path: Assets/ImpotetAssets/Stylized Marble Textures/Hand/Textures/DefaultMaterial_Normal.png
  artifactKey: Guid(13dd0e82529170b41a0ea784f31dd5e7) Importer(815301076,1909f56bfc062723c751e8b465ee728b)
Start importing Assets/ImpotetAssets/Stylized Marble Textures/Hand/Textures/DefaultMaterial_Normal.png using Guid(13dd0e82529170b41a0ea784f31dd5e7) Importer(815301076,1909f56bfc062723c751e8b465ee728b)  -> (artifact id: '727e744ed809a970ef0952011c3d118f') in 0.016663 seconds 
Editor requested this worker to shutdown with reason: Scaling down because of idle timeout
AssetImportWorker is now disconnected from the server
Process exiting
Exiting without the bug reporter. Application will terminate with return code 0