Unity Editor version:    2021.3.11f1 (0a5ca18544bf)
Branch:                  2021.3/staging
Build type:              Release
Batch mode:              YES
macOS version:           Version 12.6 (Build 21G115)
Darwin version:          21.6.0
Architecture:            x86_64
Running under Rosetta:   NO
Available memory:        16384 MB
Using pre-set license
Pro License: YES

COMMAND LINE ARGUMENTS:
/Applications/Unity/Hub/Editor/2021.3.11f1/Unity.app/Contents/MacOS/Unity
-adb2
-batchMode
-noUpm
-name
AssetImportWorker0
-projectPath
/Users/jasmineroberts/Desktop/AirHockeyVR
-logFile
Logs/AssetImportWorker0.log
-srvPort
63106
Successfully changed project path to: /Users/jasmineroberts/Desktop/AirHockeyVR
/Users/jasmineroberts/Desktop/AirHockeyVR
[UnityMemory] Configuration Parameters - Can be set up in boot.config
    "memorysetup-bucket-allocator-granularity=16"
    "memorysetup-bucket-allocator-bucket-count=8"
    "memorysetup-bucket-allocator-block-size=33554432"
    "memorysetup-bucket-allocator-block-count=8"
    "memorysetup-main-allocator-block-size=16777216"
    "memorysetup-thread-allocator-block-size=16777216"
    "memorysetup-gfx-main-allocator-block-size=16777216"
    "memorysetup-gfx-thread-allocator-block-size=16777216"
    "memorysetup-cache-allocator-block-size=4194304"
    "memorysetup-typetree-allocator-block-size=2097152"
    "memorysetup-profiler-bucket-allocator-granularity=16"
    "memorysetup-profiler-bucket-allocator-bucket-count=8"
    "memorysetup-profiler-bucket-allocator-block-size=33554432"
    "memorysetup-profiler-bucket-allocator-block-count=8"
    "memorysetup-profiler-allocator-block-size=16777216"
    "memorysetup-profiler-editor-allocator-block-size=1048576"
    "memorysetup-temp-allocator-size-main=16777216"
    "memorysetup-job-temp-allocator-block-size=2097152"
    "memorysetup-job-temp-allocator-block-size-background=1048576"
    "memorysetup-job-temp-allocator-reduction-small-platforms=262144"
    "memorysetup-temp-allocator-size-background-worker=32768"
    "memorysetup-temp-allocator-size-job-worker=262144"
    "memorysetup-temp-allocator-size-preload-manager=33554432"
    "memorysetup-temp-allocator-size-nav-mesh-worker=65536"
    "memorysetup-temp-allocator-size-audio-worker=65536"
    "memorysetup-temp-allocator-size-cloud-worker=32768"
    "memorysetup-temp-allocator-size-gi-baking-worker=262144"
    "memorysetup-temp-allocator-size-gfx=262144"
Refreshing native plugins compatible for Editor in 259.99 ms, found 7 plugins.
Preloading 1 native plugins for Editor in 0.32 ms.
Initialize engine version: 2021.3.11f1 (0a5ca18544bf)
[Subsystems] Discovering subsystems at path /Applications/Unity/Hub/Editor/2021.3.11f1/Unity.app/Contents/Resources/UnitySubsystems
[Subsystems] Discovering subsystems at path /Users/jasmineroberts/Desktop/AirHockeyVR/Assets
GfxDevice: creating device client; threaded=0; jobified=0
Color LCD preferred device: AMD Radeon Pro 560X (high power)
Metal devices available: 2
0: AMD Radeon Pro 560X (high power)
1: Intel(R) UHD Graphics 630 (low power)
Using device AMD Radeon Pro 560X (high power)
Initializing Metal device caps: AMD Radeon Pro 560X
Initialize mono
Mono path[0] = '/Applications/Unity/Hub/Editor/2021.3.11f1/Unity.app/Contents/Managed'
Mono path[1] = '/Applications/Unity/Hub/Editor/2021.3.11f1/Unity.app/Contents/MonoBleedingEdge/lib/mono/unityjit-macos'
Mono config path = '/Applications/Unity/Hub/Editor/2021.3.11f1/Unity.app/Contents/MonoBleedingEdge/etc'
Using monoOptions --debugger-agent=transport=dt_socket,embedding=1,server=y,suspend=n,address=127.0.0.1:56199
Begin MonoManager ReloadAssembly
Registering precompiled unity dll's ...
Register platform support module: /Applications/Unity/Hub/Editor/2021.3.11f1/Unity.app/Contents/PlaybackEngines/MacStandaloneSupport/UnityEditor.OSXStandalone.Extensions.dll
Register platform support module: /Applications/Unity/Hub/Editor/2021.3.11f1/PlaybackEngines/AndroidPlayer/UnityEditor.Android.Extensions.dll
Register platform support module: /Applications/Unity/Hub/Editor/2021.3.11f1/PlaybackEngines/iOSSupport/UnityEditor.iOS.Extensions.dll
Registered in 0.002040 seconds.
[usbmuxd] Start listen thread
[usbmuxd] Listen thread started
[usbmuxd] Send listen message
Native extension for iOS target not found
Native extension for Android target not found
Native extension for OSXStandalone target not found
Refreshing native plugins compatible for Editor in 155.94 ms, found 7 plugins.
Preloading 1 native plugins for Editor in 0.22 ms.
Mono: successfully reloaded assembly
- Completed reload, in  0.928 seconds
Domain Reload Profiling:
	ReloadAssembly (928ms)
		BeginReloadAssembly (100ms)
			ExecutionOrderSort (0ms)
			DisableScriptedObjects (0ms)
			BackupInstance (0ms)
			ReleaseScriptingObjects (0ms)
			CreateAndSetChildDomain (1ms)
		EndReloadAssembly (688ms)
			LoadAssemblies (101ms)
			RebuildTransferFunctionScriptingTraits (0ms)
			SetupTypeCache (163ms)
			ReleaseScriptCaches (0ms)
			RebuildScriptCaches (38ms)
			SetupLoadedEditorAssemblies (426ms)
				LogAssemblyErrors (0ms)
				InitializePlatformSupportModulesInManaged (100ms)
				SetLoadedEditorAssemblies (1ms)
				RefreshPlugins (156ms)
				BeforeProcessingInitializeOnLoad (1ms)
				ProcessInitializeOnLoadAttributes (109ms)
				ProcessInitializeOnLoadMethodAttributes (58ms)
				AfterProcessingInitializeOnLoad (0ms)
				EditorAssembliesLoaded (0ms)
			ExecutionOrderSort2 (0ms)
			AwakeInstancesAfterBackupRestoration (0ms)
Platform modules already initialized, skipping
Registering precompiled user dll's ...
Registered in 0.009590 seconds.
Android Extension - Scanning For ADB Devices 3899 ms
Begin MonoManager ReloadAssembly
Symbol file data-0x7f8a475c6000 doesn't match image /Users/jasmineroberts/Desktop/AirHockeyVR/Assets/Photon/PhotonLibs/netstandard2.0/Photon3Unity3D.dll
Symbol file LoadedFromMemory is not a mono symbol file
Symbol file data-0x7f8a47bfc000 doesn't match image /Users/jasmineroberts/Desktop/AirHockeyVR/Assets/Photon/Fusion/Assemblies/Fusion.Sockets.dll
Symbol file LoadedFromMemory is not a mono symbol file
Symbol file LoadedFromMemory doesn't match image /Users/jasmineroberts/Desktop/AirHockeyVR/Library/PackageCache/com.unity.visualscripting@1.7.8/Editor/VisualScripting.Core/Dependencies/DotNetZip/Unity.VisualScripting.IonicZip.dll
Symbol file LoadedFromMemory doesn't match image /Users/jasmineroberts/Desktop/AirHockeyVR/Library/PackageCache/com.unity.visualscripting@1.7.8/Editor/VisualScripting.Core/Dependencies/YamlDotNet/Unity.VisualScripting.YamlDotNet.dll
Symbol file data-0x7f8a480a6000 doesn't match image /Users/jasmineroberts/Desktop/AirHockeyVR/Assets/Photon/Fusion/Assemblies/Fusion.Common.dll
Symbol file LoadedFromMemory is not a mono symbol file
Symbol file data-0x7f8a480a6000 doesn't match image /Users/jasmineroberts/Desktop/AirHockeyVR/Assets/Photon/Fusion/Assemblies/Fusion.Realtime.dll
Symbol file LoadedFromMemory is not a mono symbol file
Symbol file data-0x7f8a481e5000 doesn't match image /Users/jasmineroberts/Desktop/AirHockeyVR/Assets/Photon/Fusion/Assemblies/Fusion.Runtime.dll
Symbol file LoadedFromMemory is not a mono symbol file
Native extension for iOS target not found
Native extension for Android target not found
Native extension for OSXStandalone target not found
Refreshing native plugins compatible for Editor in 155.99 ms, found 7 plugins.
Preloading 1 native plugins for Editor in 0.23 ms.
Package Manager log level set to [2]
Refresh completed but there are assets queued up for importing. Check for code that modifies assets which gets called after OnPostProcessAllAssets. Additional details in Log file
UnityEngine.StackTraceUtility:ExtractStackTrace () (at /Users/bokken/buildslave/unity/build/Runtime/Export/Scripting/StackTrace.cs:37)
UnityEditor.AssetDatabase:ImportAsset (string) (at /Users/bokken/buildslave/unity/build/Modules/AssetDatabase/Editor/ScriptBindings/AssetDatabase.bindings.cs:181)
Fusion.Editor.NetworkProjectConfigUtilities:EditTimeLoadGlobalConfigWrapper () (at Assets/Photon/Fusion/Scripts/Editor/Fusion.Editor.cs:10267)
Fusion.NetworkProjectConfig/Static/<>c:<Reload>b__6_0 ()
System.Lazy`1<Fusion.NetworkProjectConfigAsset>:ViaFactory (System.Threading.LazyThreadSafetyMode)
System.Lazy`1<Fusion.NetworkProjectConfigAsset>:CreateValue ()
System.Lazy`1<Fusion.NetworkProjectConfigAsset>:get_Value ()
Fusion.NetworkProjectConfig:get_Global ()
Photon.Voice.Fusion.Editor.VoiceEditorHelper:AddVoiceAsmdef () (at Assets/Photon/PhotonVoice/Code/Fusion/Editor/VoiceEditorHelper.cs:20)
Photon.Voice.Fusion.Editor.VoiceEditorHelper:.cctor () (at Assets/Photon/PhotonVoice/Code/Fusion/Editor/VoiceEditorHelper.cs:15)
System.Runtime.CompilerServices.RuntimeHelpers:RunClassConstructor (System.RuntimeTypeHandle)
UnityEditor.EditorAssemblies:ProcessInitializeOnLoadAttributes (System.Type[]) (at /Users/bokken/buildslave/unity/build/Editor/Mono/EditorAssemblies.cs:126)

[/Users/bokken/buildslave/unity/build/Modules/AssetDatabase/Editor/ScriptBindings/AssetDatabase.bindings.cs line 181]

Assets queued for import after Refresh completed:
	Assets/Photon/Fusion/Resources/NetworkProjectConfig.fusion
Asset Pipeline Refresh: Total: 0.001 seconds - Initiated by StopAssetImportingV2(NoUpdateAssetOptions)
Assertion failed on expression: 'm_Ptr'
UnityEngine.StackTraceUtility:ExtractStackTrace () (at /Users/bokken/buildslave/unity/build/Runtime/Export/Scripting/StackTrace.cs:37)
UnityEditor.AssetDatabase:ImportAsset (string) (at /Users/bokken/buildslave/unity/build/Modules/AssetDatabase/Editor/ScriptBindings/AssetDatabase.bindings.cs:181)
Fusion.Editor.NetworkProjectConfigUtilities:EditTimeLoadGlobalConfigWrapper () (at Assets/Photon/Fusion/Scripts/Editor/Fusion.Editor.cs:10267)
Fusion.NetworkProjectConfig/Static/<>c:<Reload>b__6_0 ()
System.Lazy`1<Fusion.NetworkProjectConfigAsset>:ViaFactory (System.Threading.LazyThreadSafetyMode)
System.Lazy`1<Fusion.NetworkProjectConfigAsset>:CreateValue ()
System.Lazy`1<Fusion.NetworkProjectConfigAsset>:get_Value ()
Fusion.NetworkProjectConfig:get_Global ()
Photon.Voice.Fusion.Editor.VoiceEditorHelper:AddVoiceAsmdef () (at Assets/Photon/PhotonVoice/Code/Fusion/Editor/VoiceEditorHelper.cs:20)
Photon.Voice.Fusion.Editor.VoiceEditorHelper:.cctor () (at Assets/Photon/PhotonVoice/Code/Fusion/Editor/VoiceEditorHelper.cs:15)
System.Runtime.CompilerServices.RuntimeHelpers:RunClassConstructor (System.RuntimeTypeHandle)
UnityEditor.EditorAssemblies:ProcessInitializeOnLoadAttributes (System.Type[]) (at /Users/bokken/buildslave/unity/build/Editor/Mono/EditorAssemblies.cs:126)

[/Users/bokken/buildslave/unity/build/Modules/AssetDatabase/Editor/ScriptBindings/AssetDatabase.bindings.cs line 181]

<color=#73ACE5>[Fusion/Config]</color> Config created/dirty during import, this is not supported
UnityEngine.StackTraceUtility:ExtractStackTrace () (at /Users/bokken/buildslave/unity/build/Runtime/Export/Scripting/StackTrace.cs:37)
UnityEngine.DebugLogHandler:LogFormat (UnityEngine.LogType,UnityEngine.Object,string,object[])
UnityEngine.Logger:Log (UnityEngine.LogType,object)
UnityEngine.Debug:LogWarning (object)
Fusion.Editor.FusionEditorLog:WarnConfig (string) (at Assets/Photon/Fusion/Scripts/Editor/Fusion.Editor.cs:9808)
Fusion.Editor.NetworkProjectConfigUtilities:EditTimeLoadGlobalConfigWrapper () (at Assets/Photon/Fusion/Scripts/Editor/Fusion.Editor.cs:10273)
Fusion.NetworkProjectConfig/Static/<>c:<Reload>b__6_0 ()
System.Lazy`1<Fusion.NetworkProjectConfigAsset>:ViaFactory (System.Threading.LazyThreadSafetyMode)
System.Lazy`1<Fusion.NetworkProjectConfigAsset>:CreateValue ()
System.Lazy`1<Fusion.NetworkProjectConfigAsset>:get_Value ()
Fusion.NetworkProjectConfig:get_Global ()
Photon.Voice.Fusion.Editor.VoiceEditorHelper:AddVoiceAsmdef () (at Assets/Photon/PhotonVoice/Code/Fusion/Editor/VoiceEditorHelper.cs:20)
Photon.Voice.Fusion.Editor.VoiceEditorHelper:.cctor () (at Assets/Photon/PhotonVoice/Code/Fusion/Editor/VoiceEditorHelper.cs:15)
System.Runtime.CompilerServices.RuntimeHelpers:RunClassConstructor (System.RuntimeTypeHandle)
UnityEditor.EditorAssemblies:ProcessInitializeOnLoadAttributes (System.Type[]) (at /Users/bokken/buildslave/unity/build/Editor/Mono/EditorAssemblies.cs:126)

(Filename: Assets/Photon/Fusion/Scripts/Editor/Fusion.Editor.cs Line: 9808)

Mono: successfully reloaded assembly
- Completed reload, in  3.343 seconds
Domain Reload Profiling:
	ReloadAssembly (3344ms)
		BeginReloadAssembly (139ms)
			ExecutionOrderSort (0ms)
			DisableScriptedObjects (8ms)
			BackupInstance (0ms)
			ReleaseScriptingObjects (0ms)
			CreateAndSetChildDomain (42ms)
		EndReloadAssembly (1952ms)
			LoadAssemblies (178ms)
			RebuildTransferFunctionScriptingTraits (1ms)
			SetupTypeCache (599ms)
			ReleaseScriptCaches (10ms)
			RebuildScriptCaches (108ms)
			SetupLoadedEditorAssemblies (977ms)
				LogAssemblyErrors (0ms)
				InitializePlatformSupportModulesInManaged (28ms)
				SetLoadedEditorAssemblies (0ms)
				RefreshPlugins (156ms)
				BeforeProcessingInitializeOnLoad (177ms)
				ProcessInitializeOnLoadAttributes (555ms)
				ProcessInitializeOnLoadMethodAttributes (58ms)
				AfterProcessingInitializeOnLoad (1ms)
				EditorAssembliesLoaded (0ms)
			ExecutionOrderSort2 (0ms)
			AwakeInstancesAfterBackupRestoration (4ms)
Platform modules already initialized, skipping
========================================================================
Worker process is ready to serve import requests
Launching external process: /Applications/Unity/Hub/Editor/2021.3.11f1/Unity.app/Contents/Tools/UnityShaderCompiler
Launched and connected shader compiler UnityShaderCompiler after 0.06 seconds
Refreshing native plugins compatible for Editor in 1.84 ms, found 7 plugins.
Preloading 1 native plugins for Editor in 0.22 ms.
Unloading 6700 Unused Serialized files (Serialized files now loaded: 0)
Unloading 131 unused Assets / (2.0 MB). Loaded Objects now: 7122.
Memory consumption went from 448.3 MB to 446.2 MB.
Total: 5.980156 ms (FindLiveObjects: 0.510894 ms CreateObjectMapping: 0.644367 ms MarkObjects: 3.833846 ms  DeleteObjects: 0.990004 ms)

AssetImportParameters requested are different than current active one (requested -> active):
  custom:video-decoder-ogg-theora: a1e56fd34408186e4bbccfd4996cb3dc -> 
  custom:container-muxer-webm: aa71ff27fc2769a1b78a27578f13a17b -> 
  custom:container-demuxer-webm: 4f35f7cbe854078d1ac9338744f61a02 -> 
  custom:FusionILWeaverTriggerImporter/ConfigHash: 841ae3c624cefb6ec2fa1ff7f4c36f56 -> 
  custom:video-encoder-webm-vp8: eb34c28f22e8b96e1ab97ce403110664 -> 
  custom:framework-osx-AVFoundation: e770b220cccbd017edd2c1fefb359320 -> 
  custom:audio-encoder-webm-vorbis: bf7c407c2cedff20999df2af8eb42d56 -> 
  custom:container-demuxer-ogg: 62fdf1f143b41e24485cea50d1cbac27 -> 
  custom:video-decoder-webm-vp8: 9c59270c3fd7afecdb556c50c9e8de78 -> 
  custom:audio-decoder-ogg-vorbis: bf7c407c2cedff20999df2af8eb42d56 -> 
========================================================================
Received Import Request.
  Time since last request: 88640.724882 seconds.
  path: Assets/ImportedAssets/Stylized Marble Textures/Puck/Textures/Puck_black_Base_color.png
  artifactKey: Guid(535f6dd13a0084c8f8a35cf5cb7e9411) Importer(815301076,1909f56bfc062723c751e8b465ee728b)
Start importing Assets/ImportedAssets/Stylized Marble Textures/Puck/Textures/Puck_black_Base_color.png using Guid(535f6dd13a0084c8f8a35cf5cb7e9411) Importer(815301076,1909f56bfc062723c751e8b465ee728b)  -> (artifact id: '61a23dd7223a4f02823c943bfcd7dd29') in 0.176327 seconds 
========================================================================
Received Import Request.
  Time since last request: 2.531829 seconds.
  path: Assets/ImportedAssets/Stylized Marble Textures/Puck/Textures/Puck_black_Mixed_AO.png
  artifactKey: Guid(5d8c909aa64ab46d99bea782c1000fa2) Importer(815301076,1909f56bfc062723c751e8b465ee728b)
Start importing Assets/ImportedAssets/Stylized Marble Textures/Puck/Textures/Puck_black_Mixed_AO.png using Guid(5d8c909aa64ab46d99bea782c1000fa2) Importer(815301076,1909f56bfc062723c751e8b465ee728b)  -> (artifact id: 'b1327c6d07b035c98c0fd6bb8c3b0afb') in 0.032394 seconds 
========================================================================
Received Import Request.
  Time since last request: 1.288567 seconds.
  path: Assets/ImportedAssets/Stylized Marble Textures/Puck/Textures/Puck_black_Metallic.png
  artifactKey: Guid(d115d243b344443db99c415e060136b8) Importer(815301076,1909f56bfc062723c751e8b465ee728b)
Start importing Assets/ImportedAssets/Stylized Marble Textures/Puck/Textures/Puck_black_Metallic.png using Guid(d115d243b344443db99c415e060136b8) Importer(815301076,1909f56bfc062723c751e8b465ee728b)  -> (artifact id: '645cc0cf23922833ec54a5a81ba2dc48') in 0.022619 seconds 
========================================================================
Received Import Request.
  Time since last request: 1.209641 seconds.
  path: Assets/ImportedAssets/Stylized Marble Textures/Puck/Textures/Puck_black_Normal.png
  artifactKey: Guid(75245a21c96494977be4ef5d844b62cd) Importer(815301076,1909f56bfc062723c751e8b465ee728b)
Start importing Assets/ImportedAssets/Stylized Marble Textures/Puck/Textures/Puck_black_Normal.png using Guid(75245a21c96494977be4ef5d844b62cd) Importer(815301076,1909f56bfc062723c751e8b465ee728b)  -> (artifact id: '954bddde6797bcb3cd7bc69c8ec59aff') in 0.026807 seconds 
========================================================================
Received Import Request.
  Time since last request: 0.754163 seconds.
  path: Assets/ImportedAssets/Stylized Marble Textures/Puck/Textures/Puck_black_Normal_DirectX.png
  artifactKey: Guid(607ca28c48c9a4aab87cf48617f463df) Importer(815301076,1909f56bfc062723c751e8b465ee728b)
Start importing Assets/ImportedAssets/Stylized Marble Textures/Puck/Textures/Puck_black_Normal_DirectX.png using Guid(607ca28c48c9a4aab87cf48617f463df) Importer(815301076,1909f56bfc062723c751e8b465ee728b)  -> (artifact id: '1301c0f4e9978556cb2e94da968306fe') in 0.031566 seconds 
========================================================================
Received Import Request.
  Time since last request: 0.752591 seconds.
  path: Assets/ImportedAssets/Stylized Marble Textures/Puck/Textures/Puck_black_Roughness.png
  artifactKey: Guid(80bafe6308ae243c1a4764ca4f9c562c) Importer(815301076,1909f56bfc062723c751e8b465ee728b)
Start importing Assets/ImportedAssets/Stylized Marble Textures/Puck/Textures/Puck_black_Roughness.png using Guid(80bafe6308ae243c1a4764ca4f9c562c) Importer(815301076,1909f56bfc062723c751e8b465ee728b)  -> (artifact id: 'f7ecb2db845d98c3232a0ba79510160d') in 0.027352 seconds 
